nohup: ignoring input
2025-08-06 00:13:30 - Heartbeat
[main efc65863] Auto-update from Vault - 2025-08-06 00:13:30
 1 file changed, 2 insertions(+), 428 deletions(-)
2025-08-06 00:14:01 - Heartbeat
[main 23676b52] Auto-update from Vault - 2025-08-06 00:14:01
 1 file changed, 1 insertion(+), 1 deletion(-)
2025-08-06 00:14:32 - Heartbeat
[main 883763da] Auto-update from Vault - 2025-08-06 00:14:32
 1 file changed, 1 insertion(+), 1 deletion(-)
2025-08-06 00:15:04 - Heartbeat
[main f9de8703] Auto-update from Vault - 2025-08-06 00:15:04
 1 file changed, 1 insertion(+), 1 deletion(-)
2025-08-06 00:15:35 - Heartbeat
[main ff485bf2] Auto-update from Vault - 2025-08-06 00:15:35
 1 file changed, 1 insertion(+), 1 deletion(-)
2025-08-06 00:16:07 - Heartbeat
[main 386b5880] Auto-update from Vault - 2025-08-06 00:16:07
 1 file changed, 1 insertion(+), 1 deletion(-)
2025-08-06 00:16:17 - Heartbeat
2025-08-06 00:16:23 - Heartbeat
2025-08-06 00:16:50 - Heartbeat
2025-08-06 00:16:55 - Heartbeat
2025-08-06 00:17:23 - Heartbeat
