2025-10-15 16:45:03 — ♛ KC0 beat — pull
2025-10-15 16:45:04 beat
2025-10-15 16:45:04 — ♛ KC0 beat — push
2025-10-15 16:45:08 beat
2025-10-15 16:45:11 beat
2025-10-15 16:45:14 beat
2025-10-15 16:45:17 beat
2025-10-15 16:45:21 beat
2025-10-15 16:45:25 beat
2025-10-15 16:45:29 beat
2025-10-15 16:45:32 beat
2025-10-15 16:45:35 beat
2025-10-15 16:45:38 beat
2025-10-15 16:45:43 beat
2025-10-15 16:45:46 beat
2025-10-15 16:45:49 beat
2025-10-15 16:45:52 beat
2025-10-15 16:45:55 beat
2025-10-15 16:46:00 beat
2025-10-15 16:46:03 beat
2025-10-15 16:46:06 — ♛ KC0 beat — pull
2025-10-15 16:46:06 beat
2025-10-15 16:46:06 — ♛ KC0 beat — pull blocked (diverged) → healing
2025-10-15 16:46:07 — ♛ KC0 beat — push
2025-10-15 16:46:09 beat
2025-10-15 16:46:13 beat
2025-10-15 16:46:18 beat
2025-10-15 16:46:21 beat
2025-10-15 16:46:24 beat
2025-10-15 16:46:27 beat
2025-10-15 16:46:30 beat
2025-10-15 16:46:35 beat
2025-10-15 16:46:38 beat
2025-10-15 16:46:42 beat
2025-10-15 16:46:45 beat
2025-10-15 16:46:48 beat
2025-10-15 16:46:53 beat
2025-10-15 16:46:56 beat
2025-10-15 16:46:59 beat
2025-10-15 16:47:02 beat
2025-10-15 16:47:05 beat
2025-10-15 16:47:09 — ♛ KC0 beat — pull
2025-10-15 16:47:10 — ♛ KC0 beat — push
2025-10-15 16:47:10 beat
2025-10-15 16:47:11 — ♛ KC0 beat — push deferred (offline?)
2025-10-15 16:47:13 beat
2025-10-15 16:47:16 beat
2025-10-15 16:47:19 beat
2025-10-15 16:47:23 beat
2025-10-15 16:47:28 beat
2025-10-15 16:47:31 beat
2025-10-15 16:47:34 beat
2025-10-15 16:47:37 beat
2025-10-15 16:47:40 beat
2025-10-15 16:47:45 beat
2025-10-15 16:47:48 beat
2025-10-15 16:47:51 beat
2025-10-15 16:47:54 beat
2025-10-15 16:47:58 beat
2025-10-15 16:48:02 beat
2025-10-15 16:48:06 beat
2025-10-15 16:48:09 beat
2025-10-15 16:48:11 — ♛ KC0 beat — pull
2025-10-15 16:48:12 — ♛ KC0 beat — push
2025-10-15 16:48:12 beat
2025-10-15 16:48:15 beat
2025-10-15 16:48:20 beat
2025-10-15 16:48:23 beat
2025-10-15 16:48:26 beat
2025-10-15 16:48:29 beat
2025-10-15 16:48:32 beat
2025-10-15 16:48:37 beat
2025-10-15 16:48:40 beat
2025-10-15 16:48:44 beat
2025-10-15 16:48:47 beat
2025-10-15 16:48:50 beat
2025-10-15 16:48:55 beat
2025-10-15 16:48:58 beat
2025-10-15 16:49:01 beat
2025-10-15 16:49:04 beat
2025-10-15 16:49:07 beat
2025-10-15 16:49:13 beat
2025-10-15 16:49:13 — ♛ KC0 beat — pull
2025-10-15 16:49:14 — ♛ KC0 beat — push
2025-10-15 16:49:16 beat
2025-10-15 16:49:19 beat
2025-10-15 16:49:22 beat
2025-10-15 16:49:25 beat
2025-10-15 16:49:30 beat
2025-10-15 16:49:33 beat
2025-10-15 16:49:36 beat
2025-10-15 16:49:39 beat
2025-10-15 16:49:43 beat
